Analysis & Synthesis report for Uart_Control
Tue Oct 05 01:20:21 2021
Quartus Prime Version 18.1.0 Build 625 09/12/2018 SJ Lite Edition


---------------------
; Table of Contents ;
---------------------
  1. Legal Notice
  2. Analysis & Synthesis Summary
  3. Analysis & Synthesis Settings
  4. Parallel Compilation
  5. Analysis & Synthesis Source Files Read
  6. Analysis & Synthesis Resource Usage Summary
  7. Analysis & Synthesis Resource Utilization by Entity
  8. State Machine - |Uart_Control|Controller:con|PS
  9. State Machine - |Uart_Control|UART_TX:UART_TX_Inst|r_SM_Main
 10. State Machine - |Uart_Control|UART_RX:UART_RX_Inst|r_SM_Main
 11. User-Specified and Inferred Latches
 12. General Register Statistics
 13. Multiplexer Restructuring Statistics (Restructuring Performed)
 14. Parameter Settings for User Entity Instance: UART_RX:UART_RX_Inst
 15. Parameter Settings for User Entity Instance: UART_TX:UART_TX_Inst
 16. Parameter Settings for User Entity Instance: FIFO_NandLand:fifo_fpga
 17. Parameter Settings for User Entity Instance: clk_gen:clkgen
 18. Port Connectivity Checks: "clk_gen:clkgen"
 19. Port Connectivity Checks: "UART_TX:UART_TX_Inst"
 20. Post-Synthesis Netlist Statistics for Top Partition
 21. Elapsed Time Per Partition
 22. Analysis & Synthesis Messages



----------------
; Legal Notice ;
----------------
Copyright (C) 2018  Intel Corporation. All rights reserved.
Your use of Intel Corporation's design tools, logic functions 
and other software and tools, and its AMPP partner logic 
functions, and any output files from any of the foregoing 
(including device programming or simulation files), and any 
associated documentation or information are expressly subject 
to the terms and conditions of the Intel Program License 
Subscription Agreement, the Intel Quartus Prime License Agreement,
the Intel FPGA IP License Agreement, or other applicable license
agreement, including, without limitation, that your use is for
the sole purpose of programming logic devices manufactured by
Intel and sold by Intel or its authorized distributors.  Please
refer to the applicable agreement for further details.



+----------------------------------------------------------------------------------+
; Analysis & Synthesis Summary                                                     ;
+------------------------------------+---------------------------------------------+
; Analysis & Synthesis Status        ; Successful - Tue Oct 05 01:20:21 2021       ;
; Quartus Prime Version              ; 18.1.0 Build 625 09/12/2018 SJ Lite Edition ;
; Revision Name                      ; Uart_Control                                ;
; Top-level Entity Name              ; Uart_Control                                ;
; Family                             ; MAX 10                                      ;
; Total logic elements               ; 190                                         ;
;     Total combinational functions  ; 168                                         ;
;     Dedicated logic registers      ; 94                                          ;
; Total registers                    ; 94                                          ;
; Total pins                         ; 85                                          ;
; Total virtual pins                 ; 0                                           ;
; Total memory bits                  ; 0                                           ;
; Embedded Multiplier 9-bit elements ; 0                                           ;
; Total PLLs                         ; 0                                           ;
; UFM blocks                         ; 0                                           ;
; ADC blocks                         ; 0                                           ;
+------------------------------------+---------------------------------------------+


+------------------------------------------------------------------------------------------------------------+
; Analysis & Synthesis Settings                                                                              ;
+------------------------------------------------------------------+--------------------+--------------------+
; Option                                                           ; Setting            ; Default Value      ;
+------------------------------------------------------------------+--------------------+--------------------+
; Device                                                           ; 10M50DAF484C6GES   ;                    ;
; Top-level entity name                                            ; Uart_Control       ; Uart_Control       ;
; Family name                                                      ; MAX 10             ; Cyclone V          ;
; Use smart compilation                                            ; Off                ; Off                ;
; Enable parallel Assembler and Timing Analyzer during compilation ; On                 ; On                 ;
; Enable compact report table                                      ; Off                ; Off                ;
; Restructure Multiplexers                                         ; Auto               ; Auto               ;
; Create Debugging Nodes for IP Cores                              ; Off                ; Off                ;
; Preserve fewer node names                                        ; On                 ; On                 ;
; Intel FPGA IP Evaluation Mode                                    ; Enable             ; Enable             ;
; Verilog Version                                                  ; Verilog_2001       ; Verilog_2001       ;
; VHDL Version                                                     ; VHDL_1993          ; VHDL_1993          ;
; State Machine Processing                                         ; Auto               ; Auto               ;
; Safe State Machine                                               ; Off                ; Off                ;
; Extract Verilog State Machines                                   ; On                 ; On                 ;
; Extract VHDL State Machines                                      ; On                 ; On                 ;
; Ignore Verilog initial constructs                                ; Off                ; Off                ;
; Iteration limit for constant Verilog loops                       ; 5000               ; 5000               ;
; Iteration limit for non-constant Verilog loops                   ; 250                ; 250                ;
; Add Pass-Through Logic to Inferred RAMs                          ; On                 ; On                 ;
; Infer RAMs from Raw Logic                                        ; On                 ; On                 ;
; Parallel Synthesis                                               ; On                 ; On                 ;
; DSP Block Balancing                                              ; Auto               ; Auto               ;
; NOT Gate Push-Back                                               ; On                 ; On                 ;
; Power-Up Don't Care                                              ; On                 ; On                 ;
; Remove Redundant Logic Cells                                     ; Off                ; Off                ;
; Remove Duplicate Registers                                       ; On                 ; On                 ;
; Ignore CARRY Buffers                                             ; Off                ; Off                ;
; Ignore CASCADE Buffers                                           ; Off                ; Off                ;
; Ignore GLOBAL Buffers                                            ; Off                ; Off                ;
; Ignore ROW GLOBAL Buffers                                        ; Off                ; Off                ;
; Ignore LCELL Buffers                                             ; Off                ; Off                ;
; Ignore SOFT Buffers                                              ; On                 ; On                 ;
; Limit AHDL Integers to 32 Bits                                   ; Off                ; Off                ;
; Optimization Technique                                           ; Balanced           ; Balanced           ;
; Carry Chain Length                                               ; 70                 ; 70                 ;
; Auto Carry Chains                                                ; On                 ; On                 ;
; Auto Open-Drain Pins                                             ; On                 ; On                 ;
; Perform WYSIWYG Primitive Resynthesis                            ; Off                ; Off                ;
; Auto ROM Replacement                                             ; On                 ; On                 ;
; Auto RAM Replacement                                             ; On                 ; On                 ;
; Auto DSP Block Replacement                                       ; On                 ; On                 ;
; Auto Shift Register Replacement                                  ; Auto               ; Auto               ;
; Allow Shift Register Merging across Hierarchies                  ; Auto               ; Auto               ;
; Auto Clock Enable Replacement                                    ; On                 ; On                 ;
; Strict RAM Replacement                                           ; Off                ; Off                ;
; Allow Synchronous Control Signals                                ; On                 ; On                 ;
; Force Use of Synchronous Clear Signals                           ; Off                ; Off                ;
; Auto RAM Block Balancing                                         ; On                 ; On                 ;
; Auto RAM to Logic Cell Conversion                                ; Off                ; Off                ;
; Auto Resource Sharing                                            ; Off                ; Off                ;
; Allow Any RAM Size For Recognition                               ; Off                ; Off                ;
; Allow Any ROM Size For Recognition                               ; Off                ; Off                ;
; Allow Any Shift Register Size For Recognition                    ; Off                ; Off                ;
; Use LogicLock Constraints during Resource Balancing              ; On                 ; On                 ;
; Ignore translate_off and synthesis_off directives                ; Off                ; Off                ;
; Timing-Driven Synthesis                                          ; On                 ; On                 ;
; Report Parameter Settings                                        ; On                 ; On                 ;
; Report Source Assignments                                        ; On                 ; On                 ;
; Report Connectivity Checks                                       ; On                 ; On                 ;
; Ignore Maximum Fan-Out Assignments                               ; Off                ; Off                ;
; Synchronization Register Chain Length                            ; 2                  ; 2                  ;
; Power Optimization During Synthesis                              ; Normal compilation ; Normal compilation ;
; HDL message level                                                ; Level2             ; Level2             ;
; Suppress Register Optimization Related Messages                  ; Off                ; Off                ;
; Number of Removed Registers Reported in Synthesis Report         ; 5000               ; 5000               ;
; Number of Swept Nodes Reported in Synthesis Report               ; 5000               ; 5000               ;
; Number of Inverted Registers Reported in Synthesis Report        ; 100                ; 100                ;
; Clock MUX Protection                                             ; On                 ; On                 ;
; Auto Gated Clock Conversion                                      ; Off                ; Off                ;
; Block Design Naming                                              ; Auto               ; Auto               ;
; SDC constraint protection                                        ; Off                ; Off                ;
; Synthesis Effort                                                 ; Auto               ; Auto               ;
; Shift Register Replacement - Allow Asynchronous Clear Signal     ; On                 ; On                 ;
; Pre-Mapping Resynthesis Optimization                             ; Off                ; Off                ;
; Analysis & Synthesis Message Level                               ; Medium             ; Medium             ;
; Disable Register Merging Across Hierarchies                      ; Auto               ; Auto               ;
; Resource Aware Inference For Block RAM                           ; On                 ; On                 ;
+------------------------------------------------------------------+--------------------+--------------------+


+------------------------------------------+
; Parallel Compilation                     ;
+----------------------------+-------------+
; Processors                 ; Number      ;
+----------------------------+-------------+
; Number detected on machine ; 12          ;
; Maximum allowed            ; 12          ;
;                            ;             ;
; Average used               ; 1.00        ;
; Maximum used               ; 12          ;
;                            ;             ;
; Usage by Processor         ; % Time Used ;
;     Processor 1            ; 100.0%      ;
;     Processors 2-12        ;   0.0%      ;
+----------------------------+-------------+


+-------------------------------------------------------------------------------------------------------------------------------------------------------------------------------------------------------------------------+
; Analysis & Synthesis Source Files Read                                                                                                                                                                                  ;
+----------------------------------+-----------------+-----------------+----------------------------------------------------------------------------------------------------------------------------------------+---------+
; File Name with User-Entered Path ; Used in Netlist ; File Type       ; File Name with Absolute Path                                                                                                           ; Library ;
+----------------------------------+-----------------+-----------------+----------------------------------------------------------------------------------------------------------------------------------------+---------+
; clk_gen.vhd                      ; yes             ; User VHDL File  ; C:/Users/XORID/OneDrive - The University of Western Australia/21, M2-Win/ELEC5552 Elctrial Project/Code/Uart_Control/clk_gen.vhd       ;         ;
; UART_TX.vhd                      ; yes             ; User VHDL File  ; C:/Users/XORID/OneDrive - The University of Western Australia/21, M2-Win/ELEC5552 Elctrial Project/Code/Uart_Control/UART_TX.vhd       ;         ;
; UART_RX.vhd                      ; yes             ; User VHDL File  ; C:/Users/XORID/OneDrive - The University of Western Australia/21, M2-Win/ELEC5552 Elctrial Project/Code/Uart_Control/UART_RX.vhd       ;         ;
; ss_decoder.vhd                   ; yes             ; User VHDL File  ; C:/Users/XORID/OneDrive - The University of Western Australia/21, M2-Win/ELEC5552 Elctrial Project/Code/Uart_Control/ss_decoder.vhd    ;         ;
; FIFO_NandLand.vhd                ; yes             ; User VHDL File  ; C:/Users/XORID/OneDrive - The University of Western Australia/21, M2-Win/ELEC5552 Elctrial Project/Code/Uart_Control/FIFO_NandLand.vhd ;         ;
; Uart_Control.vhd                 ; yes             ; User VHDL File  ; C:/Users/XORID/OneDrive - The University of Western Australia/21, M2-Win/ELEC5552 Elctrial Project/Code/Uart_Control/Uart_Control.vhd  ;         ;
; Controller.vhd                   ; yes             ; User VHDL File  ; C:/Users/XORID/OneDrive - The University of Western Australia/21, M2-Win/ELEC5552 Elctrial Project/Code/Uart_Control/Controller.vhd    ;         ;
+----------------------------------+-----------------+-----------------+----------------------------------------------------------------------------------------------------------------------------------------+---------+


+-------------------------------------------------------------------+
; Analysis & Synthesis Resource Usage Summary                       ;
+---------------------------------------------+---------------------+
; Resource                                    ; Usage               ;
+---------------------------------------------+---------------------+
; Estimated Total logic elements              ; 190                 ;
;                                             ;                     ;
; Total combinational functions               ; 168                 ;
; Logic element usage by number of LUT inputs ;                     ;
;     -- 4 input functions                    ; 87                  ;
;     -- 3 input functions                    ; 39                  ;
;     -- <=2 input functions                  ; 42                  ;
;                                             ;                     ;
; Logic elements by mode                      ;                     ;
;     -- normal mode                          ; 149                 ;
;     -- arithmetic mode                      ; 19                  ;
;                                             ;                     ;
; Total registers                             ; 94                  ;
;     -- Dedicated logic registers            ; 94                  ;
;     -- I/O registers                        ; 0                   ;
;                                             ;                     ;
; I/O pins                                    ; 85                  ;
;                                             ;                     ;
; Embedded Multiplier 9-bit elements          ; 0                   ;
;                                             ;                     ;
; Maximum fan-out node                        ; MAX10_CLK1_50~input ;
; Maximum fan-out                             ; 94                  ;
; Total fan-out                               ; 974                 ;
; Average fan-out                             ; 2.08                ;
+---------------------------------------------+---------------------+


+----------------------------------------------------------------------------------------------------------------------------------------------------------------------------------------------------------------------------------------------------------+
; Analysis & Synthesis Resource Utilization by Entity                                                                                                                                                                                                      ;
+------------------------------+---------------------+---------------------------+-------------+------------+--------------+---------+-----------+------+--------------+------------+---------------------------------------+---------------+--------------+
; Compilation Hierarchy Node   ; Combinational ALUTs ; Dedicated Logic Registers ; Memory Bits ; UFM Blocks ; DSP Elements ; DSP 9x9 ; DSP 18x18 ; Pins ; Virtual Pins ; ADC blocks ; Full Hierarchy Name                   ; Entity Name   ; Library Name ;
+------------------------------+---------------------+---------------------------+-------------+------------+--------------+---------+-----------+------+--------------+------------+---------------------------------------+---------------+--------------+
; |Uart_Control                ; 168 (4)             ; 94 (0)                    ; 0           ; 0          ; 0            ; 0       ; 0         ; 85   ; 0            ; 0          ; |Uart_Control                         ; Uart_Control  ; work         ;
;    |Controller:con|          ; 12 (12)             ; 7 (7)                     ; 0           ; 0          ; 0            ; 0       ; 0         ; 0    ; 0            ; 0          ; |Uart_Control|Controller:con          ; Controller    ; work         ;
;    |FIFO_NandLand:fifo_fpga| ; 41 (41)             ; 32 (32)                   ; 0           ; 0          ; 0            ; 0       ; 0         ; 0    ; 0            ; 0          ; |Uart_Control|FIFO_NandLand:fifo_fpga ; FIFO_NandLand ; work         ;
;    |UART_RX:UART_RX_Inst|    ; 49 (49)             ; 28 (28)                   ; 0           ; 0          ; 0            ; 0       ; 0         ; 0    ; 0            ; 0          ; |Uart_Control|UART_RX:UART_RX_Inst    ; UART_RX       ; work         ;
;    |UART_TX:UART_TX_Inst|    ; 34 (34)             ; 27 (27)                   ; 0           ; 0          ; 0            ; 0       ; 0         ; 0    ; 0            ; 0          ; |Uart_Control|UART_TX:UART_TX_Inst    ; UART_TX       ; work         ;
;    |ss_decoder:rx_lower|     ; 7 (7)               ; 0 (0)                     ; 0           ; 0          ; 0            ; 0       ; 0         ; 0    ; 0            ; 0          ; |Uart_Control|ss_decoder:rx_lower     ; ss_decoder    ; work         ;
;    |ss_decoder:rx_upper|     ; 7 (7)               ; 0 (0)                     ; 0           ; 0          ; 0            ; 0       ; 0         ; 0    ; 0            ; 0          ; |Uart_Control|ss_decoder:rx_upper     ; ss_decoder    ; work         ;
;    |ss_decoder:tx_lower|     ; 7 (7)               ; 0 (0)                     ; 0           ; 0          ; 0            ; 0       ; 0         ; 0    ; 0            ; 0          ; |Uart_Control|ss_decoder:tx_lower     ; ss_decoder    ; work         ;
;    |ss_decoder:tx_upper|     ; 7 (7)               ; 0 (0)                     ; 0           ; 0          ; 0            ; 0       ; 0         ; 0    ; 0            ; 0          ; |Uart_Control|ss_decoder:tx_upper     ; ss_decoder    ; work         ;
+------------------------------+---------------------+---------------------------+-------------+------------+--------------+---------+-----------+------+--------------+------------+---------------------------------------+---------------+--------------+
Note: For table entries with two numbers listed, the numbers in parentheses indicate the number of resources of the given type used by the specific entity alone. The numbers listed outside of parentheses indicate the total resources of the given type used by the specific entity and all of its sub-entities in the hierarchy.


Encoding Type:  One-Hot
+-------------------------------------------------------------------------------------+
; State Machine - |Uart_Control|Controller:con|PS                                     ;
+-------------+---------+-------------+-------+---------+-------+------------+--------+
; Name        ; PS.idle ; PS.tx_ready ; PS.rx ; PS.tx_2 ; PS.tx ; PS.rx_done ; PS.int ;
+-------------+---------+-------------+-------+---------+-------+------------+--------+
; PS.int      ; 0       ; 0           ; 0     ; 0       ; 0     ; 0          ; 0      ;
; PS.rx_done  ; 0       ; 0           ; 0     ; 0       ; 0     ; 1          ; 1      ;
; PS.tx       ; 0       ; 0           ; 0     ; 0       ; 1     ; 0          ; 1      ;
; PS.tx_2     ; 0       ; 0           ; 0     ; 1       ; 0     ; 0          ; 1      ;
; PS.rx       ; 0       ; 0           ; 1     ; 0       ; 0     ; 0          ; 1      ;
; PS.tx_ready ; 0       ; 1           ; 0     ; 0       ; 0     ; 0          ; 1      ;
; PS.idle     ; 1       ; 0           ; 0     ; 0       ; 0     ; 0          ; 1      ;
+-------------+---------+-------------+-------+---------+-------+------------+--------+


Encoding Type:  One-Hot
+---------------------------------------------------------------------------------------------------------------------------------------------------+
; State Machine - |Uart_Control|UART_TX:UART_TX_Inst|r_SM_Main                                                                                      ;
+--------------------------+---------------------+-------------------------+--------------------------+--------------------------+------------------+
; Name                     ; r_SM_Main.s_Cleanup ; r_SM_Main.s_TX_Stop_Bit ; r_SM_Main.s_TX_Data_Bits ; r_SM_Main.s_TX_Start_Bit ; r_SM_Main.s_Idle ;
+--------------------------+---------------------+-------------------------+--------------------------+--------------------------+------------------+
; r_SM_Main.s_Idle         ; 0                   ; 0                       ; 0                        ; 0                        ; 0                ;
; r_SM_Main.s_TX_Start_Bit ; 0                   ; 0                       ; 0                        ; 1                        ; 1                ;
; r_SM_Main.s_TX_Data_Bits ; 0                   ; 0                       ; 1                        ; 0                        ; 1                ;
; r_SM_Main.s_TX_Stop_Bit  ; 0                   ; 1                       ; 0                        ; 0                        ; 1                ;
; r_SM_Main.s_Cleanup      ; 1                   ; 0                       ; 0                        ; 0                        ; 1                ;
+--------------------------+---------------------+-------------------------+--------------------------+--------------------------+------------------+


Encoding Type:  One-Hot
+---------------------------------------------------------------------------------------------------------------------------------------------------+
; State Machine - |Uart_Control|UART_RX:UART_RX_Inst|r_SM_Main                                                                                      ;
+--------------------------+---------------------+-------------------------+--------------------------+--------------------------+------------------+
; Name                     ; r_SM_Main.s_Cleanup ; r_SM_Main.s_RX_Stop_Bit ; r_SM_Main.s_RX_Data_Bits ; r_SM_Main.s_RX_Start_Bit ; r_SM_Main.s_Idle ;
+--------------------------+---------------------+-------------------------+--------------------------+--------------------------+------------------+
; r_SM_Main.s_Idle         ; 0                   ; 0                       ; 0                        ; 0                        ; 0                ;
; r_SM_Main.s_RX_Start_Bit ; 0                   ; 0                       ; 0                        ; 1                        ; 1                ;
; r_SM_Main.s_RX_Data_Bits ; 0                   ; 0                       ; 1                        ; 0                        ; 1                ;
; r_SM_Main.s_RX_Stop_Bit  ; 0                   ; 1                       ; 0                        ; 0                        ; 1                ;
; r_SM_Main.s_Cleanup      ; 1                   ; 0                       ; 0                        ; 0                        ; 1                ;
+--------------------------+---------------------+-------------------------+--------------------------+--------------------------+------------------+


+--------------------------------------------------------------------------------------------------------+
; User-Specified and Inferred Latches                                                                    ;
+----------------------------------------------------+--------------------------+------------------------+
; Latch Name                                         ; Latch Enable Signal      ; Free of Timing Hazards ;
+----------------------------------------------------+--------------------------+------------------------+
; Controller:con|rd_en                               ; Controller:con|Selector0 ; yes                    ;
; Controller:con|wr_en                               ; GND                      ; yes                    ;
; Controller:con|tx_dv                               ; Controller:con|tx_dv     ; yes                    ;
; Number of user-specified and inferred latches = 3  ;                          ;                        ;
+----------------------------------------------------+--------------------------+------------------------+
Note: All latches listed above may not be present at the end of synthesis due to various synthesis optimizations.


+------------------------------------------------------+
; General Register Statistics                          ;
+----------------------------------------------+-------+
; Statistic                                    ; Value ;
+----------------------------------------------+-------+
; Total registers                              ; 94    ;
; Number of registers using Synchronous Clear  ; 21    ;
; Number of registers using Synchronous Load   ; 0     ;
; Number of registers using Asynchronous Clear ; 7     ;
; Number of registers using Asynchronous Load  ; 0     ;
; Number of registers using Clock Enable       ; 57    ;
; Number of registers using Preset             ; 0     ;
+----------------------------------------------+-------+


+-----------------------------------------------------------------------------------------------------------------------------------------------------------------------+
; Multiplexer Restructuring Statistics (Restructuring Performed)                                                                                                        ;
+--------------------+-----------+---------------+----------------------+------------------------+------------+---------------------------------------------------------+
; Multiplexer Inputs ; Bus Width ; Baseline Area ; Area if Restructured ; Saving if Restructured ; Registered ; Example Multiplexer Output                              ;
+--------------------+-----------+---------------+----------------------+------------------------+------------+---------------------------------------------------------+
; 3:1                ; 8 bits    ; 16 LEs        ; 8 LEs                ; 8 LEs                  ; Yes        ; |Uart_Control|FIFO_NandLand:fifo_fpga|r_FIFO_DATA[0][7] ;
; 3:1                ; 8 bits    ; 16 LEs        ; 8 LEs                ; 8 LEs                  ; Yes        ; |Uart_Control|FIFO_NandLand:fifo_fpga|r_FIFO_DATA[1][7] ;
; 3:1                ; 8 bits    ; 16 LEs        ; 8 LEs                ; 8 LEs                  ; Yes        ; |Uart_Control|FIFO_NandLand:fifo_fpga|r_FIFO_DATA[2][1] ;
; 3:1                ; 4 bits    ; 8 LEs         ; 4 LEs                ; 4 LEs                  ; Yes        ; |Uart_Control|FIFO_NandLand:fifo_fpga|r_FIFO_COUNT[2]   ;
; 4:1                ; 2 bits    ; 4 LEs         ; 2 LEs                ; 2 LEs                  ; Yes        ; |Uart_Control|FIFO_NandLand:fifo_fpga|r_RD_INDEX[1]     ;
; 4:1                ; 2 bits    ; 4 LEs         ; 2 LEs                ; 2 LEs                  ; Yes        ; |Uart_Control|FIFO_NandLand:fifo_fpga|r_WR_INDEX[0]     ;
; 4:1                ; 9 bits    ; 18 LEs        ; 9 LEs                ; 9 LEs                  ; Yes        ; |Uart_Control|UART_TX:UART_TX_Inst|r_Clk_Count[0]       ;
; 7:1                ; 9 bits    ; 36 LEs        ; 9 LEs                ; 27 LEs                 ; Yes        ; |Uart_Control|UART_RX:UART_RX_Inst|r_Clk_Count[3]       ;
; 3:1                ; 8 bits    ; 16 LEs        ; 16 LEs               ; 0 LEs                  ; No         ; |Uart_Control|FIFO_NandLand:fifo_fpga|Mux4              ;
; 3:1                ; 3 bits    ; 6 LEs         ; 6 LEs                ; 0 LEs                  ; No         ; |Uart_Control|UART_TX:UART_TX_Inst|r_Bit_Index          ;
; 3:1                ; 3 bits    ; 6 LEs         ; 6 LEs                ; 0 LEs                  ; No         ; |Uart_Control|UART_RX:UART_RX_Inst|r_Bit_Index          ;
; 16:1               ; 2 bits    ; 20 LEs        ; 16 LEs               ; 4 LEs                  ; No         ; |Uart_Control|ss_decoder:rx_lower|ssd_out[6]            ;
; 16:1               ; 2 bits    ; 20 LEs        ; 20 LEs               ; 0 LEs                  ; No         ; |Uart_Control|ss_decoder:rx_upper|ssd_out[6]            ;
; 16:1               ; 2 bits    ; 20 LEs        ; 20 LEs               ; 0 LEs                  ; No         ; |Uart_Control|ss_decoder:tx_lower|ssd_out[3]            ;
; 16:1               ; 2 bits    ; 20 LEs        ; 20 LEs               ; 0 LEs                  ; No         ; |Uart_Control|ss_decoder:tx_upper|ssd_out[6]            ;
+--------------------+-----------+---------------+----------------------+------------------------+------------+---------------------------------------------------------+


+-------------------------------------------------------------------+
; Parameter Settings for User Entity Instance: UART_RX:UART_RX_Inst ;
+----------------+-------+------------------------------------------+
; Parameter Name ; Value ; Type                                     ;
+----------------+-------+------------------------------------------+
; g_CLKS_PER_BIT ; 434   ; Signed Integer                           ;
+----------------+-------+------------------------------------------+
Note: In order to hide this table in the UI and the text report file, please set the "Show Parameter Settings in Synthesis Report" option in "Analysis and Synthesis Settings -> More Settings" to "Off".


+-------------------------------------------------------------------+
; Parameter Settings for User Entity Instance: UART_TX:UART_TX_Inst ;
+----------------+-------+------------------------------------------+
; Parameter Name ; Value ; Type                                     ;
+----------------+-------+------------------------------------------+
; g_CLKS_PER_BIT ; 434   ; Signed Integer                           ;
+----------------+-------+------------------------------------------+
Note: In order to hide this table in the UI and the text report file, please set the "Show Parameter Settings in Synthesis Report" option in "Analysis and Synthesis Settings -> More Settings" to "Off".


+----------------------------------------------------------------------+
; Parameter Settings for User Entity Instance: FIFO_NandLand:fifo_fpga ;
+----------------+-------+---------------------------------------------+
; Parameter Name ; Value ; Type                                        ;
+----------------+-------+---------------------------------------------+
; g_width        ; 8     ; Signed Integer                              ;
; g_depth        ; 3     ; Signed Integer                              ;
+----------------+-------+---------------------------------------------+
Note: In order to hide this table in the UI and the text report file, please set the "Show Parameter Settings in Synthesis Report" option in "Analysis and Synthesis Settings -> More Settings" to "Off".


+-------------------------------------------------------------+
; Parameter Settings for User Entity Instance: clk_gen:clkgen ;
+----------------+-------+------------------------------------+
; Parameter Name ; Value ; Type                               ;
+----------------+-------+------------------------------------+
; genbits        ; 9     ; Signed Integer                     ;
; high_rate_cnt  ; 1     ; Signed Integer                     ;
; low_rate_cnt   ; 434   ; Signed Integer                     ;
+----------------+-------+------------------------------------+
Note: In order to hide this table in the UI and the text report file, please set the "Show Parameter Settings in Synthesis Report" option in "Analysis and Synthesis Settings -> More Settings" to "Off".


+----------------------------------------------------------------------------------------------------------------+
; Port Connectivity Checks: "clk_gen:clkgen"                                                                     ;
+------+--------+----------+-------------------------------------------------------------------------------------+
; Port ; Type   ; Severity ; Details                                                                             ;
+------+--------+----------+-------------------------------------------------------------------------------------+
; rate ; Input  ; Info     ; Stuck at GND                                                                        ;
; clk  ; Output ; Info     ; Connected to dangling logic. Logic that only feeds a dangling port will be removed. ;
+------+--------+----------+-------------------------------------------------------------------------------------+


+---------------------------------------------------------------------------------------------------------------------+
; Port Connectivity Checks: "UART_TX:UART_TX_Inst"                                                                    ;
+-----------+--------+----------+-------------------------------------------------------------------------------------+
; Port      ; Type   ; Severity ; Details                                                                             ;
+-----------+--------+----------+-------------------------------------------------------------------------------------+
; o_tx_done ; Output ; Info     ; Connected to dangling logic. Logic that only feeds a dangling port will be removed. ;
+-----------+--------+----------+-------------------------------------------------------------------------------------+


+-----------------------------------------------------+
; Post-Synthesis Netlist Statistics for Top Partition ;
+-----------------------+-----------------------------+
; Type                  ; Count                       ;
+-----------------------+-----------------------------+
; boundary_port         ; 85                          ;
; cycloneiii_ff         ; 94                          ;
;     CLR               ; 7                           ;
;     ENA               ; 36                          ;
;     ENA SCLR          ; 21                          ;
;     plain             ; 30                          ;
; cycloneiii_io_obuf    ; 36                          ;
; cycloneiii_lcell_comb ; 170                         ;
;     arith             ; 19                          ;
;         2 data inputs ; 17                          ;
;         3 data inputs ; 2                           ;
;     normal            ; 151                         ;
;         0 data inputs ; 1                           ;
;         1 data inputs ; 3                           ;
;         2 data inputs ; 23                          ;
;         3 data inputs ; 37                          ;
;         4 data inputs ; 87                          ;
;                       ;                             ;
; Max LUT depth         ; 5.00                        ;
; Average LUT depth     ; 2.26                        ;
+-----------------------+-----------------------------+


+-------------------------------+
; Elapsed Time Per Partition    ;
+----------------+--------------+
; Partition Name ; Elapsed Time ;
+----------------+--------------+
; Top            ; 00:00:00     ;
+----------------+--------------+


+-------------------------------+
; Analysis & Synthesis Messages ;
+-------------------------------+
Info: *******************************************************************
Info: Running Quartus Prime Analysis & Synthesis
    Info: Version 18.1.0 Build 625 09/12/2018 SJ Lite Edition
    Info: Processing started: Tue Oct 05 01:20:10 2021
Info: Command: quartus_map --read_settings_files=on --write_settings_files=off Uart_Control -c Uart_Control
Info (125069): Default assignment values were changed in the current version of the Quartus Prime software -- changes to default assignments values are contained in file c:/intelfpga_lite/18.1/quartus/bin64/assignment_defaults.qdf
Warning (18236): Number of processors has not been specified which may cause overloading on shared machines.  Set the global assignment NUM_PARALLEL_PROCESSORS in your QSF to an appropriate value for best performance.
Info (20030): Parallel compilation is enabled and will use 12 of the 12 processors detected
Info (12021): Found 2 design units, including 1 entities, in source file clk_gen.vhd
    Info (12022): Found design unit 1: clk_gen-arc File: C:/Users/XORID/OneDrive - The University of Western Australia/21, M2-Win/ELEC5552 Elctrial Project/Code/Uart_Control/clk_gen.vhd Line: 21
    Info (12023): Found entity 1: clk_gen File: C:/Users/XORID/OneDrive - The University of Western Australia/21, M2-Win/ELEC5552 Elctrial Project/Code/Uart_Control/clk_gen.vhd Line: 7
Info (12021): Found 2 design units, including 1 entities, in source file uart_tx.vhd
    Info (12022): Found design unit 1: UART_TX-RTL File: C:/Users/XORID/OneDrive - The University of Western Australia/21, M2-Win/ELEC5552 Elctrial Project/Code/Uart_Control/UART_TX.vhd Line: 33
    Info (12023): Found entity 1: UART_TX File: C:/Users/XORID/OneDrive - The University of Western Australia/21, M2-Win/ELEC5552 Elctrial Project/Code/Uart_Control/UART_TX.vhd Line: 18
Info (12021): Found 2 design units, including 1 entities, in source file uart_rx.vhd
    Info (12022): Found design unit 1: UART_RX-rtl File: C:/Users/XORID/OneDrive - The University of Western Australia/21, M2-Win/ELEC5552 Elctrial Project/Code/Uart_Control/UART_RX.vhd Line: 31
    Info (12023): Found entity 1: UART_RX File: C:/Users/XORID/OneDrive - The University of Western Australia/21, M2-Win/ELEC5552 Elctrial Project/Code/Uart_Control/UART_RX.vhd Line: 18
Info (12021): Found 2 design units, including 1 entities, in source file ss_decoder.vhd
    Info (12022): Found design unit 1: ss_decoder-arc File: C:/Users/XORID/OneDrive - The University of Western Australia/21, M2-Win/ELEC5552 Elctrial Project/Code/Uart_Control/ss_decoder.vhd Line: 12
    Info (12023): Found entity 1: ss_decoder File: C:/Users/XORID/OneDrive - The University of Western Australia/21, M2-Win/ELEC5552 Elctrial Project/Code/Uart_Control/ss_decoder.vhd Line: 5
Info (12021): Found 2 design units, including 1 entities, in source file fifo_nandland.vhd
    Info (12022): Found design unit 1: FIFO_NandLand-rtl File: C:/Users/XORID/OneDrive - The University of Western Australia/21, M2-Win/ELEC5552 Elctrial Project/Code/Uart_Control/FIFO_NandLand.vhd Line: 49
    Info (12023): Found entity 1: FIFO_NandLand File: C:/Users/XORID/OneDrive - The University of Western Australia/21, M2-Win/ELEC5552 Elctrial Project/Code/Uart_Control/FIFO_NandLand.vhd Line: 28
Info (12021): Found 1 design units, including 1 entities, in source file de10_lite_golden_top.v
    Info (12023): Found entity 1: DE10_LITE_Golden_Top File: C:/Users/XORID/OneDrive - The University of Western Australia/21, M2-Win/ELEC5552 Elctrial Project/Code/Uart_Control/DE10_LITE_Golden_Top.v Line: 29
Info (12021): Found 2 design units, including 1 entities, in source file uart_control.vhd
    Info (12022): Found design unit 1: Uart_Control-RTL File: C:/Users/XORID/OneDrive - The University of Western Australia/21, M2-Win/ELEC5552 Elctrial Project/Code/Uart_Control/Uart_Control.vhd Line: 26
    Info (12023): Found entity 1: Uart_Control File: C:/Users/XORID/OneDrive - The University of Western Australia/21, M2-Win/ELEC5552 Elctrial Project/Code/Uart_Control/Uart_Control.vhd Line: 5
Info (12021): Found 2 design units, including 1 entities, in source file controller.vhd
    Info (12022): Found design unit 1: Controller-RTL File: C:/Users/XORID/OneDrive - The University of Western Australia/21, M2-Win/ELEC5552 Elctrial Project/Code/Uart_Control/Controller.vhd Line: 18
    Info (12023): Found entity 1: Controller File: C:/Users/XORID/OneDrive - The University of Western Australia/21, M2-Win/ELEC5552 Elctrial Project/Code/Uart_Control/Controller.vhd Line: 5
Info (12127): Elaborating entity "Uart_Control" for the top level hierarchy
Warning (10036): Verilog HDL or VHDL warning at Uart_Control.vhd(114): object "tx_done" assigned a value but never read File: C:/Users/XORID/OneDrive - The University of Western Australia/21, M2-Win/ELEC5552 Elctrial Project/Code/Uart_Control/Uart_Control.vhd Line: 114
Warning (10036): Verilog HDL or VHDL warning at Uart_Control.vhd(114): object "clk_g" assigned a value but never read File: C:/Users/XORID/OneDrive - The University of Western Australia/21, M2-Win/ELEC5552 Elctrial Project/Code/Uart_Control/Uart_Control.vhd Line: 114
Warning (10873): Using initial value X (don't care) for net "LEDR[2..0]" at Uart_Control.vhd(21) File: C:/Users/XORID/OneDrive - The University of Western Australia/21, M2-Win/ELEC5552 Elctrial Project/Code/Uart_Control/Uart_Control.vhd Line: 21
Info (12128): Elaborating entity "UART_RX" for hierarchy "UART_RX:UART_RX_Inst" File: C:/Users/XORID/OneDrive - The University of Western Australia/21, M2-Win/ELEC5552 Elctrial Project/Code/Uart_Control/Uart_Control.vhd Line: 122
Info (12128): Elaborating entity "UART_TX" for hierarchy "UART_TX:UART_TX_Inst" File: C:/Users/XORID/OneDrive - The University of Western Australia/21, M2-Win/ELEC5552 Elctrial Project/Code/Uart_Control/Uart_Control.vhd Line: 131
Info (12128): Elaborating entity "FIFO_NandLand" for hierarchy "FIFO_NandLand:fifo_fpga" File: C:/Users/XORID/OneDrive - The University of Western Australia/21, M2-Win/ELEC5552 Elctrial Project/Code/Uart_Control/Uart_Control.vhd Line: 141
Info (12128): Elaborating entity "ss_decoder" for hierarchy "ss_decoder:rx_lower" File: C:/Users/XORID/OneDrive - The University of Western Australia/21, M2-Win/ELEC5552 Elctrial Project/Code/Uart_Control/Uart_Control.vhd Line: 150
Info (12128): Elaborating entity "clk_gen" for hierarchy "clk_gen:clkgen" File: C:/Users/XORID/OneDrive - The University of Western Australia/21, M2-Win/ELEC5552 Elctrial Project/Code/Uart_Control/Uart_Control.vhd Line: 159
Info (12128): Elaborating entity "Controller" for hierarchy "Controller:con" File: C:/Users/XORID/OneDrive - The University of Western Australia/21, M2-Win/ELEC5552 Elctrial Project/Code/Uart_Control/Uart_Control.vhd Line: 163
Warning (10541): VHDL Signal Declaration warning at Controller.vhd(13): used implicit default value for signal "CTS_X" because signal was never assigned a value or an explicit default value. Use of implicit default value may introduce unintended design optimizations. File: C:/Users/XORID/OneDrive - The University of Western Australia/21, M2-Win/ELEC5552 Elctrial Project/Code/Uart_Control/Controller.vhd Line: 13
Warning (10541): VHDL Signal Declaration warning at Controller.vhd(13): used implicit default value for signal "RTS_C" because signal was never assigned a value or an explicit default value. Use of implicit default value may introduce unintended design optimizations. File: C:/Users/XORID/OneDrive - The University of Western Australia/21, M2-Win/ELEC5552 Elctrial Project/Code/Uart_Control/Controller.vhd Line: 13
Warning (10492): VHDL Process Statement warning at Controller.vhd(27): signal "Reset" is read inside the Process Statement but isn't in the Process Statement's sensitivity list File: C:/Users/XORID/OneDrive - The University of Western Australia/21, M2-Win/ELEC5552 Elctrial Project/Code/Uart_Control/Controller.vhd Line: 27
Warning (10492): VHDL Process Statement warning at Controller.vhd(33): signal "PS" is read inside the Process Statement but isn't in the Process Statement's sensitivity list File: C:/Users/XORID/OneDrive - The University of Western Australia/21, M2-Win/ELEC5552 Elctrial Project/Code/Uart_Control/Controller.vhd Line: 33
Warning (10492): VHDL Process Statement warning at Controller.vhd(52): signal "RTS_X" is read inside the Process Statement but isn't in the Process Statement's sensitivity list File: C:/Users/XORID/OneDrive - The University of Western Australia/21, M2-Win/ELEC5552 Elctrial Project/Code/Uart_Control/Controller.vhd Line: 52
Warning (10492): VHDL Process Statement warning at Controller.vhd(52): signal "fifo_f" is read inside the Process Statement but isn't in the Process Statement's sensitivity list File: C:/Users/XORID/OneDrive - The University of Western Australia/21, M2-Win/ELEC5552 Elctrial Project/Code/Uart_Control/Controller.vhd Line: 52
Warning (10492): VHDL Process Statement warning at Controller.vhd(54): signal "CTS_C" is read inside the Process Statement but isn't in the Process Statement's sensitivity list File: C:/Users/XORID/OneDrive - The University of Western Australia/21, M2-Win/ELEC5552 Elctrial Project/Code/Uart_Control/Controller.vhd Line: 54
Warning (10492): VHDL Process Statement warning at Controller.vhd(54): signal "fifo_e" is read inside the Process Statement but isn't in the Process Statement's sensitivity list File: C:/Users/XORID/OneDrive - The University of Western Australia/21, M2-Win/ELEC5552 Elctrial Project/Code/Uart_Control/Controller.vhd Line: 54
Warning (10492): VHDL Process Statement warning at Controller.vhd(60): signal "rx_dv" is read inside the Process Statement but isn't in the Process Statement's sensitivity list File: C:/Users/XORID/OneDrive - The University of Western Australia/21, M2-Win/ELEC5552 Elctrial Project/Code/Uart_Control/Controller.vhd Line: 60
Warning (10631): VHDL Process Statement warning at Controller.vhd(38): inferring latch(es) for signal or variable "wr_en", which holds its previous value in one or more paths through the process File: C:/Users/XORID/OneDrive - The University of Western Australia/21, M2-Win/ELEC5552 Elctrial Project/Code/Uart_Control/Controller.vhd Line: 38
Warning (10631): VHDL Process Statement warning at Controller.vhd(38): inferring latch(es) for signal or variable "rd_en", which holds its previous value in one or more paths through the process File: C:/Users/XORID/OneDrive - The University of Western Australia/21, M2-Win/ELEC5552 Elctrial Project/Code/Uart_Control/Controller.vhd Line: 38
Warning (10631): VHDL Process Statement warning at Controller.vhd(38): inferring latch(es) for signal or variable "tx_dv", which holds its previous value in one or more paths through the process File: C:/Users/XORID/OneDrive - The University of Western Australia/21, M2-Win/ELEC5552 Elctrial Project/Code/Uart_Control/Controller.vhd Line: 38
Info (10041): Inferred latch for "tx_dv" at Controller.vhd(38) File: C:/Users/XORID/OneDrive - The University of Western Australia/21, M2-Win/ELEC5552 Elctrial Project/Code/Uart_Control/Controller.vhd Line: 38
Info (10041): Inferred latch for "rd_en" at Controller.vhd(38) File: C:/Users/XORID/OneDrive - The University of Western Australia/21, M2-Win/ELEC5552 Elctrial Project/Code/Uart_Control/Controller.vhd Line: 38
Info (10041): Inferred latch for "wr_en" at Controller.vhd(38) File: C:/Users/XORID/OneDrive - The University of Western Australia/21, M2-Win/ELEC5552 Elctrial Project/Code/Uart_Control/Controller.vhd Line: 38
Warning (13034): The following nodes have both tri-state and non-tri-state drivers
    Warning (13035): Inserted always-enabled tri-state buffer between "GPIO[1]" and its non-tri-state driver. File: C:/Users/XORID/OneDrive - The University of Western Australia/21, M2-Win/ELEC5552 Elctrial Project/Code/Uart_Control/Uart_Control.vhd Line: 11
Warning (13039): The following bidirectional pins have no drivers
    Warning (13040): bidirectional pin "GPIO[0]" has no driver File: C:/Users/XORID/OneDrive - The University of Western Australia/21, M2-Win/ELEC5552 Elctrial Project/Code/Uart_Control/Uart_Control.vhd Line: 11
    Warning (13040): bidirectional pin "GPIO[2]" has no driver File: C:/Users/XORID/OneDrive - The University of Western Australia/21, M2-Win/ELEC5552 Elctrial Project/Code/Uart_Control/Uart_Control.vhd Line: 11
    Warning (13040): bidirectional pin "GPIO[3]" has no driver File: C:/Users/XORID/OneDrive - The University of Western Australia/21, M2-Win/ELEC5552 Elctrial Project/Code/Uart_Control/Uart_Control.vhd Line: 11
    Warning (13040): bidirectional pin "GPIO[4]" has no driver File: C:/Users/XORID/OneDrive - The University of Western Australia/21, M2-Win/ELEC5552 Elctrial Project/Code/Uart_Control/Uart_Control.vhd Line: 11
    Warning (13040): bidirectional pin "GPIO[5]" has no driver File: C:/Users/XORID/OneDrive - The University of Western Australia/21, M2-Win/ELEC5552 Elctrial Project/Code/Uart_Control/Uart_Control.vhd Line: 11
    Warning (13040): bidirectional pin "GPIO[6]" has no driver File: C:/Users/XORID/OneDrive - The University of Western Australia/21, M2-Win/ELEC5552 Elctrial Project/Code/Uart_Control/Uart_Control.vhd Line: 11
    Warning (13040): bidirectional pin "GPIO[7]" has no driver File: C:/Users/XORID/OneDrive - The University of Western Australia/21, M2-Win/ELEC5552 Elctrial Project/Code/Uart_Control/Uart_Control.vhd Line: 11
    Warning (13040): bidirectional pin "GPIO[8]" has no driver File: C:/Users/XORID/OneDrive - The University of Western Australia/21, M2-Win/ELEC5552 Elctrial Project/Code/Uart_Control/Uart_Control.vhd Line: 11
    Warning (13040): bidirectional pin "GPIO[9]" has no driver File: C:/Users/XORID/OneDrive - The University of Western Australia/21, M2-Win/ELEC5552 Elctrial Project/Code/Uart_Control/Uart_Control.vhd Line: 11
    Warning (13040): bidirectional pin "GPIO[10]" has no driver File: C:/Users/XORID/OneDrive - The University of Western Australia/21, M2-Win/ELEC5552 Elctrial Project/Code/Uart_Control/Uart_Control.vhd Line: 11
    Warning (13040): bidirectional pin "GPIO[11]" has no driver File: C:/Users/XORID/OneDrive - The University of Western Australia/21, M2-Win/ELEC5552 Elctrial Project/Code/Uart_Control/Uart_Control.vhd Line: 11
    Warning (13040): bidirectional pin "GPIO[12]" has no driver File: C:/Users/XORID/OneDrive - The University of Western Australia/21, M2-Win/ELEC5552 Elctrial Project/Code/Uart_Control/Uart_Control.vhd Line: 11
    Warning (13040): bidirectional pin "GPIO[13]" has no driver File: C:/Users/XORID/OneDrive - The University of Western Australia/21, M2-Win/ELEC5552 Elctrial Project/Code/Uart_Control/Uart_Control.vhd Line: 11
    Warning (13040): bidirectional pin "GPIO[14]" has no driver File: C:/Users/XORID/OneDrive - The University of Western Australia/21, M2-Win/ELEC5552 Elctrial Project/Code/Uart_Control/Uart_Control.vhd Line: 11
    Warning (13040): bidirectional pin "GPIO[15]" has no driver File: C:/Users/XORID/OneDrive - The University of Western Australia/21, M2-Win/ELEC5552 Elctrial Project/Code/Uart_Control/Uart_Control.vhd Line: 11
    Warning (13040): bidirectional pin "GPIO[16]" has no driver File: C:/Users/XORID/OneDrive - The University of Western Australia/21, M2-Win/ELEC5552 Elctrial Project/Code/Uart_Control/Uart_Control.vhd Line: 11
    Warning (13040): bidirectional pin "GPIO[17]" has no driver File: C:/Users/XORID/OneDrive - The University of Western Australia/21, M2-Win/ELEC5552 Elctrial Project/Code/Uart_Control/Uart_Control.vhd Line: 11
    Warning (13040): bidirectional pin "GPIO[18]" has no driver File: C:/Users/XORID/OneDrive - The University of Western Australia/21, M2-Win/ELEC5552 Elctrial Project/Code/Uart_Control/Uart_Control.vhd Line: 11
    Warning (13040): bidirectional pin "GPIO[19]" has no driver File: C:/Users/XORID/OneDrive - The University of Western Australia/21, M2-Win/ELEC5552 Elctrial Project/Code/Uart_Control/Uart_Control.vhd Line: 11
    Warning (13040): bidirectional pin "GPIO[20]" has no driver File: C:/Users/XORID/OneDrive - The University of Western Australia/21, M2-Win/ELEC5552 Elctrial Project/Code/Uart_Control/Uart_Control.vhd Line: 11
    Warning (13040): bidirectional pin "GPIO[21]" has no driver File: C:/Users/XORID/OneDrive - The University of Western Australia/21, M2-Win/ELEC5552 Elctrial Project/Code/Uart_Control/Uart_Control.vhd Line: 11
    Warning (13040): bidirectional pin "GPIO[22]" has no driver File: C:/Users/XORID/OneDrive - The University of Western Australia/21, M2-Win/ELEC5552 Elctrial Project/Code/Uart_Control/Uart_Control.vhd Line: 11
    Warning (13040): bidirectional pin "GPIO[23]" has no driver File: C:/Users/XORID/OneDrive - The University of Western Australia/21, M2-Win/ELEC5552 Elctrial Project/Code/Uart_Control/Uart_Control.vhd Line: 11
    Warning (13040): bidirectional pin "GPIO[24]" has no driver File: C:/Users/XORID/OneDrive - The University of Western Australia/21, M2-Win/ELEC5552 Elctrial Project/Code/Uart_Control/Uart_Control.vhd Line: 11
    Warning (13040): bidirectional pin "GPIO[25]" has no driver File: C:/Users/XORID/OneDrive - The University of Western Australia/21, M2-Win/ELEC5552 Elctrial Project/Code/Uart_Control/Uart_Control.vhd Line: 11
    Warning (13040): bidirectional pin "GPIO[26]" has no driver File: C:/Users/XORID/OneDrive - The University of Western Australia/21, M2-Win/ELEC5552 Elctrial Project/Code/Uart_Control/Uart_Control.vhd Line: 11
    Warning (13040): bidirectional pin "GPIO[27]" has no driver File: C:/Users/XORID/OneDrive - The University of Western Australia/21, M2-Win/ELEC5552 Elctrial Project/Code/Uart_Control/Uart_Control.vhd Line: 11
    Warning (13040): bidirectional pin "GPIO[28]" has no driver File: C:/Users/XORID/OneDrive - The University of Western Australia/21, M2-Win/ELEC5552 Elctrial Project/Code/Uart_Control/Uart_Control.vhd Line: 11
    Warning (13040): bidirectional pin "GPIO[29]" has no driver File: C:/Users/XORID/OneDrive - The University of Western Australia/21, M2-Win/ELEC5552 Elctrial Project/Code/Uart_Control/Uart_Control.vhd Line: 11
    Warning (13040): bidirectional pin "GPIO[30]" has no driver File: C:/Users/XORID/OneDrive - The University of Western Australia/21, M2-Win/ELEC5552 Elctrial Project/Code/Uart_Control/Uart_Control.vhd Line: 11
    Warning (13040): bidirectional pin "GPIO[31]" has no driver File: C:/Users/XORID/OneDrive - The University of Western Australia/21, M2-Win/ELEC5552 Elctrial Project/Code/Uart_Control/Uart_Control.vhd Line: 11
    Warning (13040): bidirectional pin "GPIO[32]" has no driver File: C:/Users/XORID/OneDrive - The University of Western Australia/21, M2-Win/ELEC5552 Elctrial Project/Code/Uart_Control/Uart_Control.vhd Line: 11
    Warning (13040): bidirectional pin "GPIO[33]" has no driver File: C:/Users/XORID/OneDrive - The University of Western Australia/21, M2-Win/ELEC5552 Elctrial Project/Code/Uart_Control/Uart_Control.vhd Line: 11
    Warning (13040): bidirectional pin "GPIO[34]" has no driver File: C:/Users/XORID/OneDrive - The University of Western Australia/21, M2-Win/ELEC5552 Elctrial Project/Code/Uart_Control/Uart_Control.vhd Line: 11
    Warning (13040): bidirectional pin "GPIO[35]" has no driver File: C:/Users/XORID/OneDrive - The University of Western Australia/21, M2-Win/ELEC5552 Elctrial Project/Code/Uart_Control/Uart_Control.vhd Line: 11
Warning (13009): TRI or OPNDRN buffers permanently enabled
    Warning (13010): Node "GPIO[1]~synth" File: C:/Users/XORID/OneDrive - The University of Western Australia/21, M2-Win/ELEC5552 Elctrial Project/Code/Uart_Control/Uart_Control.vhd Line: 11
Warning (13024): Output pins are stuck at VCC or GND
    Warning (13410): Pin "LEDR[0]" is stuck at GND File: C:/Users/XORID/OneDrive - The University of Western Australia/21, M2-Win/ELEC5552 Elctrial Project/Code/Uart_Control/Uart_Control.vhd Line: 21
    Warning (13410): Pin "LEDR[1]" is stuck at GND File: C:/Users/XORID/OneDrive - The University of Western Australia/21, M2-Win/ELEC5552 Elctrial Project/Code/Uart_Control/Uart_Control.vhd Line: 21
    Warning (13410): Pin "LEDR[2]" is stuck at GND File: C:/Users/XORID/OneDrive - The University of Western Australia/21, M2-Win/ELEC5552 Elctrial Project/Code/Uart_Control/Uart_Control.vhd Line: 21
    Warning (13410): Pin "LEDR[3]" is stuck at GND File: C:/Users/XORID/OneDrive - The University of Western Australia/21, M2-Win/ELEC5552 Elctrial Project/Code/Uart_Control/Uart_Control.vhd Line: 21
    Warning (13410): Pin "LEDR[4]" is stuck at GND File: C:/Users/XORID/OneDrive - The University of Western Australia/21, M2-Win/ELEC5552 Elctrial Project/Code/Uart_Control/Uart_Control.vhd Line: 21
Info (286030): Timing-Driven Synthesis is running
Info (16010): Generating hard_block partition "hard_block:auto_generated_inst"
    Info (16011): Adding 0 node(s), including 0 DDIO, 0 PLL, 0 transceiver and 0 LCELL
Warning (21074): Design contains 7 input pin(s) that do not drive logic
    Warning (15610): No output dependent on input pin "SW[3]" File: C:/Users/XORID/OneDrive - The University of Western Australia/21, M2-Win/ELEC5552 Elctrial Project/Code/Uart_Control/Uart_Control.vhd Line: 14
    Warning (15610): No output dependent on input pin "SW[4]" File: C:/Users/XORID/OneDrive - The University of Western Australia/21, M2-Win/ELEC5552 Elctrial Project/Code/Uart_Control/Uart_Control.vhd Line: 14
    Warning (15610): No output dependent on input pin "SW[5]" File: C:/Users/XORID/OneDrive - The University of Western Australia/21, M2-Win/ELEC5552 Elctrial Project/Code/Uart_Control/Uart_Control.vhd Line: 14
    Warning (15610): No output dependent on input pin "SW[6]" File: C:/Users/XORID/OneDrive - The University of Western Australia/21, M2-Win/ELEC5552 Elctrial Project/Code/Uart_Control/Uart_Control.vhd Line: 14
    Warning (15610): No output dependent on input pin "SW[7]" File: C:/Users/XORID/OneDrive - The University of Western Australia/21, M2-Win/ELEC5552 Elctrial Project/Code/Uart_Control/Uart_Control.vhd Line: 14
    Warning (15610): No output dependent on input pin "SW[8]" File: C:/Users/XORID/OneDrive - The University of Western Australia/21, M2-Win/ELEC5552 Elctrial Project/Code/Uart_Control/Uart_Control.vhd Line: 14
    Warning (15610): No output dependent on input pin "SW[9]" File: C:/Users/XORID/OneDrive - The University of Western Australia/21, M2-Win/ELEC5552 Elctrial Project/Code/Uart_Control/Uart_Control.vhd Line: 14
Info (21057): Implemented 292 device resources after synthesis - the final resource count might be different
    Info (21058): Implemented 11 input pins
    Info (21059): Implemented 38 output pins
    Info (21060): Implemented 36 bidirectional pins
    Info (21061): Implemented 207 logic cells
Info: Quartus Prime Analysis & Synthesis was successful. 0 errors, 70 warnings
    Info: Peak virtual memory: 4841 megabytes
    Info: Processing ended: Tue Oct 05 01:20:21 2021
    Info: Elapsed time: 00:00:11
    Info: Total CPU time (on all processors): 00:00:21


