Early Power Estimator File Generator report for FPGA
Tue Oct 12 09:49:27 2021
Quartus Prime Version 18.1.0 Build 625 09/12/2018 SJ Lite Edition


---------------------
; Table of Contents ;
---------------------
  1. Legal Notice
  2. Early Power Estimator File Generator Summary
  3. Early Power Estimator File Generator Settings
  4. Indeterminate Toggle Rates
  5. Early Power Estimator File Generator Generated Files
  6. Confidence Metric Details
  7. Signal Activities
  8. Early Power Estimator File Generator Messages



----------------
; Legal Notice ;
----------------
Copyright (C) 2018  Intel Corporation. All rights reserved.
Your use of Intel Corporation's design tools, logic functions 
and other software and tools, and its AMPP partner logic 
functions, and any output files from any of the foregoing 
(including device programming or simulation files), and any 
associated documentation or information are expressly subject 
to the terms and conditions of the Intel Program License 
Subscription Agreement, the Intel Quartus Prime License Agreement,
the Intel FPGA IP License Agreement, or other applicable license
agreement, including, without limitation, that your use is for
the sole purpose of programming logic devices manufactured by
Intel and sold by Intel or its authorized distributors.  Please
refer to the applicable agreement for further details.



+------------------------------------------------------------------------------------------------+
; Early Power Estimator File Generator Summary                                                   ;
+---------------------------------------------+--------------------------------------------------+
; Early Power Estimator File Generator Status ; Successful - Tue Oct 12 09:49:27 2021            ;
; Quartus Prime Version                       ; 18.1.0 Build 625 09/12/2018 SJ Lite Edition      ;
; Revision Name                               ; FPGA                                             ;
; Top-level Entity Name                       ; FPGA                                             ;
; Family                                      ; MAX 10                                           ;
; Device                                      ; 10M50DAF484C6GES                                 ;
; Power Estimation Confidence                 ; Low: user provided insufficient toggle rate data ;
+---------------------------------------------+--------------------------------------------------+


+--------------------------------------------------------------------------------------------------------------------------+
; Early Power Estimator File Generator Settings                                                                            ;
+------------------------------------------------------------------+---------------------------------------+---------------+
; Option                                                           ; Setting                               ; Default Value ;
+------------------------------------------------------------------+---------------------------------------+---------------+
; Use smart compilation                                            ; Off                                   ; Off           ;
; Enable parallel Assembler and Timing Analyzer during compilation ; On                                    ; On            ;
; Enable compact report table                                      ; Off                                   ; Off           ;
; Preset Cooling Solution                                          ; 23 MM HEAT SINK WITH 200 LFPM AIRFLOW ;               ;
; Board thermal model                                              ; None (CONSERVATIVE)                   ;               ;
; Default Power Toggle Rate                                        ; 12.5%                                 ; 12.5%         ;
; Default Power Input I/O Toggle Rate                              ; 12.5%                                 ; 12.5%         ;
; Use vectorless estimation                                        ; On                                    ; On            ;
; Use Input Files                                                  ; Off                                   ; Off           ;
; Filter Glitches in VCD File Reader                               ; On                                    ; On            ;
; Power Analyzer Report Signal Activity                            ; Off                                   ; Off           ;
; Power Analyzer Report Power Dissipation                          ; Off                                   ; Off           ;
; Device Power Characteristics                                     ; TYPICAL                               ; TYPICAL       ;
; Automatically Compute Junction Temperature                       ; On                                    ; On            ;
; Specified Junction Temperature                                   ; 25                                    ; 25            ;
; Ambient Temperature                                              ; 25                                    ; 25            ;
; Use Custom Cooling Solution                                      ; Off                                   ; Off           ;
; Board Temperature                                                ; 25                                    ; 25            ;
+------------------------------------------------------------------+---------------------------------------+---------------+


+----------------------------------------------------------+
; Indeterminate Toggle Rates                               ;
+----------------------------+-----------------------------+
; Node                       ; Reason                      ;
+----------------------------+-----------------------------+
; KEY[1]                     ; No valid clock domain found ;
; KEY[2]                     ; No valid clock domain found ;
; KEY[3]                     ; No valid clock domain found ;
; KEY[4]                     ; No valid clock domain found ;
; KEY[5]                     ; No valid clock domain found ;
; KEY[6]                     ; No valid clock domain found ;
; KEY[7]                     ; No valid clock domain found ;
; KEY[8]                     ; No valid clock domain found ;
; KEY[9]                     ; No valid clock domain found ;
; MAX10_CLK1_50              ; No valid clock domain found ;
; KEY[0]                     ; No valid clock domain found ;
; CTS_C                      ; No valid clock domain found ;
; rx_c                       ; No valid clock domain found ;
; RTS_X                      ; No valid clock domain found ;
; rx_x                       ; No valid clock domain found ;
; MAX10_CLK1_50~inputclkctrl ; No valid clock domain found ;
+----------------------------+-----------------------------+


+-------------------------------------------------------------------------------------+
; Early Power Estimator File Generator Generated Files                                ;
+----------------------------------------------------------------+--------------------+
; Description                                                    ; Filename           ;
+----------------------------------------------------------------+--------------------+
; Design summary for PowerPlay Early Power Estimator spreadsheet ; FPGA_early_pwr.csv ;
+----------------------------------------------------------------+--------------------+


+--------------------------------------------------------------------------------------------------------------------------------------------------+
; Confidence Metric Details                                                                                                                        ;
+----------------------------------------------------------------------------------------+-------------+------------+--------------+---------------+
; Data Source                                                                            ; Total       ; Pin        ; Registered   ; Combinational ;
+----------------------------------------------------------------------------------------+-------------+------------+--------------+---------------+
; Simulation (from file)                                                                 ;             ;            ;              ;               ;
;     -- Number of signals with Toggle Rate from Simulation                              ; 0 (0.0%)    ; 0 (0.0%)   ; 0 (0.0%)     ; 0 (0.0%)      ;
;     -- Number of signals with Static Probability from Simulation                       ; 0 (0.0%)    ; 0 (0.0%)   ; 0 (0.0%)     ; 0 (0.0%)      ;
;                                                                                        ;             ;            ;              ;               ;
; Node, entity or clock assignment                                                       ;             ;            ;              ;               ;
;     -- Number of signals with Toggle Rate from Node, entity or clock assignment        ; 0 (0.0%)    ; 0 (0.0%)   ; 0 (0.0%)     ; 0 (0.0%)      ;
;     -- Number of signals with Static Probability from Node, entity or clock assignment ; 1 (0.2%)    ; 0 (0.0%)   ; 0 (0.0%)     ; 1 (0.3%)      ;
;                                                                                        ;             ;            ;              ;               ;
; Vectorless estimation                                                                  ;             ;            ;              ;               ;
;     -- Number of signals with Toggle Rate from Vectorless estimation                   ; 451 (95.3%) ; 5 (18.5%)  ; 154 (100.0%) ; 292 (100.0%)  ;
;     -- Number of signals with Zero toggle rate, from Vectorless estimation             ; 21 (4.4%)   ; 3 (11.1%)  ; 4 (2.6%)     ; 14 (4.8%)     ;
;     -- Number of signals with Static Probability from Vectorless estimation            ; 450 (95.1%) ; 5 (18.5%)  ; 154 (100.0%) ; 291 (99.7%)   ;
;                                                                                        ;             ;            ;              ;               ;
; Default assignment                                                                     ;             ;            ;              ;               ;
;     -- Number of signals with Toggle Rate from Default assignment                      ; 0 (0.0%)    ; 0 (0.0%)   ; 0 (0.0%)     ; 0 (0.0%)      ;
;     -- Number of signals with Static Probability from Default assignment               ; 22 (4.7%)   ; 22 (81.5%) ; 0 (0.0%)     ; 0 (0.0%)      ;
;                                                                                        ;             ;            ;              ;               ;
; Assumed 0                                                                              ;             ;            ;              ;               ;
;     -- Number of signals with Toggle Rate assumed 0                                    ; 22 (4.7%)   ; 22 (81.5%) ; 0 (0.0%)     ; 0 (0.0%)      ;
+----------------------------------------------------------------------------------------+-------------+------------+--------------+---------------+


+---------------------------------------------------------------------------------------------------------------------------------------------+
; Signal Activities                                                                                                                           ;
+--------+------+---------------------------------------------+-------------------------+--------------------+--------------------------------+
; Signal ; Type ; Toggle Rate (millions of transitions / sec) ; Toggle Rate Data Source ; Static Probability ; Static Probability Data Source ;
+--------+------+---------------------------------------------+-------------------------+--------------------+--------------------------------+
(1) The "Signal Activity" Table has been hidden. To show this table, please select the "Write signal activities to report file" option under "PowerPlay Power Analyzer Settings".


+-----------------------------------------------+
; Early Power Estimator File Generator Messages ;
+-----------------------------------------------+
Info: *******************************************************************
Info: Running Quartus Prime Early Power Estimator File Generator
    Info: Version 18.1.0 Build 625 09/12/2018 SJ Lite Edition
    Info: Processing started: Tue Oct 12 09:49:25 2021
Info: Command: quartus_pow --read_settings_files=on --write_settings_files=off FPGA -c FPGA --estimate_power=off --output_epe=FPGA_early_pwr.csv
Warning (18236): Number of processors has not been specified which may cause overloading on shared machines.  Set the global assignment NUM_PARALLEL_PROCESSORS in your QSF to an appropriate value for best performance.
Info (21077): Low junction temperature is 0 degrees C
Info (21077): High junction temperature is 85 degrees C
Warning (335093): The Timing Analyzer is analyzing 2 combinational loops as latches. For more details, run the Check Timing command in the Timing Analyzer or view the "User-Specified and Inferred Latches" table in the Analysis & Synthesis report.
Critical Warning (332012): Synopsys Design Constraints File file not found: 'FPGA.sdc'. A Synopsys Design Constraints File is required by the Timing Analyzer to get proper timing constraints. Without it, the Compiler will not properly optimize the design.
Warning (332060): Node: MAX10_CLK1_50 was determined to be a clock but was found without an associated clock assignment.
    Info (13166): Register UART_TX:UART_TX_CC1310|r_TX_Data[6] is being clocked by MAX10_CLK1_50
Warning (332060): Node: Controller:con|PS_T.idle was determined to be a clock but was found without an associated clock assignment.
    Info (13166): Latch Controller:con|tx_dv is being clocked by Controller:con|PS_T.idle
Warning (332068): No clocks defined in design.
Info (223000): Starting Vectorless Power Activity Estimation
Warning (222013): Relative toggle rates could not be calculated because no clock domain could be identified for some nodes
Info (223001): Completed Vectorless Power Activity Estimation
Info (218000): Using Advanced I/O Power to simulate I/O buffers with the specified board trace model
Info (214002): Created Early Power Estimation file "FPGA_early_pwr.csv"
Info (215029): No power estimate will be produced.
Info (215049): Average toggle rate for this design is 0.000 millions of transitions / sec
Info: Quartus Prime Early Power Estimator File Generator was successful. 0 errors, 7 warnings
    Info: Peak virtual memory: 4889 megabytes
    Info: Processing ended: Tue Oct 12 09:49:27 2021
    Info: Elapsed time: 00:00:02
    Info: Total CPU time (on all processors): 00:00:01


